<?xml version="1.0" encoding="UTF-8"?>
<!-- Generated by org.testng.reporters.JUnitReportReporter -->
<testsuite hostname="LAPTOP-GEIVF1FS" failures="0" tests="1" name="cars.NanoTest" time="0.002" errors="0" timestamp="2024-11-04T19:48:05 IST" skipped="0">
  <testcase classname="cars.NanoTest" name="demo" time="0.002"/>
  <system-out>
    <![CDATA[Nano class executed]]>
  </system-out>
</testsuite> <!-- cars.NanoTest -->
