<?xml version="1.0" encoding="UTF-8"?>
<!-- Generated by org.testng.reporters.JUnitReportReporter -->
<testsuite hostname="LAPTOP-GEIVF1FS" failures="0" tests="1" name="extentReport.ToLearnExtentReport" time="0.541" errors="0" timestamp="2024-11-07T13:13:59 IST" skipped="0">
  <testcase classname="extentReport.ToLearnExtentReport" name="report" time="0.541"/>
  <system-out/>
</testsuite> <!-- extentReport.ToLearnExtentReport -->
