<?xml version="1.0" encoding="UTF-8"?>
<!-- Generated by org.testng.reporters.JUnitReportReporter -->
<testsuite hostname="LAPTOP-GEIVF1FS" failures="0" tests="1" name="cars.ArmyTest" time="0.001" errors="0" timestamp="2024-11-04T19:48:05 IST" skipped="0">
  <testcase classname="cars.ArmyTest" name="demo" time="0.001"/>
  <system-out>
    <![CDATA[army class executed]]>
  </system-out>
</testsuite> <!-- cars.ArmyTest -->
