<?xml version="1.0" encoding="UTF-8"?>
<!-- Generated by org.testng.reporters.JUnitReportReporter -->
<testsuite hostname="LAPTOP-GEIVF1FS" failures="0" tests="1" name="extentReport.ToAttachScreenshot" time="7.941" errors="0" timestamp="2024-11-07T13:49:05 IST" skipped="0">
  <testcase classname="extentReport.ToAttachScreenshot" name="assScreenshot" time="7.941"/>
  <system-out/>
</testsuite> <!-- extentReport.ToAttachScreenshot -->
