<?xml version="1.0" encoding="UTF-8"?>
<!-- Generated by org.testng.reporters.JUnitReportReporter -->
<testsuite hostname="LAPTOP-GEIVF1FS" failures="0" tests="1" name="bikes.BajajTest" time="0.003" errors="0" timestamp="2024-11-04T19:48:33 IST" skipped="0">
  <testcase classname="bikes.BajajTest" name="demo" time="0.003"/>
  <system-out>
    <![CDATA[Bajaj class executed]]>
  </system-out>
</testsuite> <!-- bikes.BajajTest -->
