<?xml version="1.0" encoding="UTF-8"?>
<!-- Generated by org.testng.reporters.JUnitReportReporter -->
<testsuite hostname="LAPTOP-GEIVF1FS" failures="0" tests="1" name="bikes.YamahaTest" time="0.011" errors="0" timestamp="2024-11-04T19:48:33 IST" skipped="0">
  <testcase classname="bikes.YamahaTest" name="demo" time="0.011"/>
  <system-out>
    <![CDATA[yamaha class executed]]>
  </system-out>
</testsuite> <!-- bikes.YamahaTest -->
